abc
1
zabc
azbc
abzc
abcz
4
zzabc
zazbc
azzbc
zabzc
azbzc
abzzc
zabcz
azbcz
abzcz
abczz
10
zzzzzzzabc
zzzzzzazbc
zzzzzazzbc
zzzzazzzbc
zzzazzzzbc
zzazzzzzbc
zazzzzzzbc
azzzzzzzbc
zzzzzzabzc
zzzzzazbzc
zzzzazzbzc
zzzazzzbzc
zzazzzzbzc
zazzzzzbzc
azzzzzzbzc
zzzzzabzzc
zzzzazbzzc
zzzazzbzzc
zzazzzbzzc
zazzzzbzzc
azzzzzbzzc
zzzzabzzzc
zzzazbzzzc
zzazzbzzzc
zazzzbzzzc
azzzzbzzzc
zzzabzzzzc
zzazbzzzzc
zazzbzzzzc
azzzbzzzzc
zzabzzzzzc
zazbzzzzzc
azzbzzzzzc
zabzzzzzzc
azbzzzzzzc
abzzzzzzzc
zzzzzzabcz
zzzzzazbcz
zzzzazzbcz
zzzazzzbcz
zzazzzzbcz
zazzzzzbcz
azzzzzzbcz
zzzzzabzcz
zzzzazbzcz
zzzazzbzcz
zzazzzbzcz
zazzzzbzcz
azzzzzbzcz
zzzzabzzcz
zzzazbzzcz
zzazzbzzcz
zazzzbzzcz
azzzzbzzcz
zzzabzzzcz
zzazbzzzcz
zazzbzzzcz
azzzbzzzcz
zzabzzzzcz
zazbzzzzcz
azzbzzzzcz
zabzzzzzcz
azbzzzzzcz
abzzzzzzcz
zzzzzabczz
zzzzazbczz
zzzazzbczz
zzazzzbczz
zazzzzbczz
azzzzzbczz
zzzzabzczz
zzzazbzczz
zzazzbzczz
zazzzbzczz
azzzzbzczz
zzzabzzczz
zzazbzzczz
zazzbzzczz
azzzbzzczz
zzabzzzczz
zazbzzzczz
azzbzzzczz
zabzzzzczz
azbzzzzczz
abzzzzzczz
zzzzabczzz
zzzazbczzz
zzazzbczzz
zazzzbczzz
azzzzbczzz
zzzabzczzz
zzazbzczzz
zazzbzczzz
azzzbzczzz
zzabzzczzz
zazbzzczzz
azzbzzczzz
zabzzzczzz
azbzzzczzz
abzzzzczzz
zzzabczzzz
zzazbczzzz
zazzbczzzz
azzzbczzzz
zzabzczzzz
zazbzczzzz
azzbzczzzz
zabzzczzzz
azbzzczzzz
abzzzczzzz
zzabczzzzz
zazbczzzzz
azzbczzzzz
zabzczzzzz
azbzczzzzz
abzzczzzzz
zabczzzzzz
azbczzzzzz
abzczzzzzz
abczzzzzzz
120
